A51 MACRO ASSEMBLER  EX7                                                                  05/09/2016 14:43:33 PAGE     1


MACRO ASSEMBLER A51 V8.02c
OBJECT MODULE PLACED IN .\Objects\ex7.obj
ASSEMBLER INVOKED BY: C:\Keil_v5\C51\BIN\A51.EXE ex7.a51 NOMOD51 SET(SMALL) DEBUG PRINT(.\Listings\ex7.lst) OBJECT(.\Obj
                      ects\ex7.obj) EP

LOC  OBJ            LINE     SOURCE

                       1     
                       2     ;$include (t89c51cc01.inc)
                +1     3     ;*INC*************************************************************************
                +1     4     ; NAME: 89C51CC01.inc           
                +1     5     ;----------------------------------------------------------------------------
                +1     6     ; PURPOSE: for Keil
                +1     7     ;*****************************************************************************
                +1     8     
                +1     9     ;----------------------------------------
                +1    10     ; Include file for 8051 SFR Definitions  
                +1    11     ;----------------------------------------
                +1    12     
                +1    13     ;  BYTE Register 
  0080          +1    14     P0      DATA    80H
  0090          +1    15     P1      DATA    90H
  00A0          +1    16     P2      DATA    0A0H
                +1    17     
  00B0          +1    18     P3      DATA    0B0H
  00B7          +1    19     RD      BIT     0B7H
  00B6          +1    20     WR      BIT     0B6H
  00B5          +1    21     T1      BIT     0B5H
  00B4          +1    22     T0      BIT     0B4H
  00B3          +1    23     INT1    BIT     0B3H
  00B2          +1    24     INT0    BIT     0B2H
  00B1          +1    25     TXD     BIT     0B1H
  00B0          +1    26     RXD     BIT     0B0H
                +1    27     
  00C0          +1    28     P4      DATA    0C0H
                +1    29     
  00D0          +1    30     PSW     DATA    0D0H
  00D7          +1    31     CY      BIT     0D7H
  00D6          +1    32     AC      BIT     0D6H
  00D5          +1    33     F0      BIT     0D5H
  00D4          +1    34     RS1     BIT     0D4H
  00D3          +1    35     RS0     BIT     0D3H
  00D2          +1    36     OV      BIT     0D2H
  00D0          +1    37     P       BIT     0D0H
                +1    38     
  00E0          +1    39     ACC     DATA    0E0H
  00F0          +1    40     B       DATA    0F0H
  0081          +1    41     SP      DATA    81H
  0082          +1    42     DPL     DATA    82H
  0083          +1    43     DPH     DATA    83H
  0087          +1    44     PCON    DATA    87H
  008F          +1    45     CKCON   DATA    8FH
                +1    46     
                +1    47     ;------------------ TIMERS registers ---------------------
  0088          +1    48     TCON    DATA    88H
  008F          +1    49     TF1     BIT     8FH
  008E          +1    50     TR1     BIT     8EH
  008D          +1    51     TF0     BIT     8DH
  008C          +1    52     TR0     BIT     8CH
  008B          +1    53     IE1     BIT     8BH
  008A          +1    54     IT1     BIT     8AH
  0089          +1    55     IE0     BIT     89H
  0088          +1    56     IT0     BIT     88H
                +1    57             
A51 MACRO ASSEMBLER  EX7                                                                  05/09/2016 14:43:33 PAGE     2

  0089          +1    58     TMOD    DATA    89H
                +1    59     
  00C8          +1    60     T2CON   DATA    0C8H
  00CF          +1    61     TF2     BIT     0CFH
  00CE          +1    62     EXF2    BIT     0CEH
  00CD          +1    63     RCLK    BIT     0CDH
  00CC          +1    64     TCLK    BIT     0CCH
  00CB          +1    65     EXEN2   BIT     0CBH
  00CA          +1    66     TR2     BIT     0CAH
  00C9          +1    67     C_T2    BIT     0C9H
  00C8          +1    68     CP_RL2  BIT     0C8H
                +1    69             
  00C9          +1    70     T2MOD   DATA    0C9H    
  008A          +1    71     TL0     DATA    8AH
  008B          +1    72     TL1     DATA    8BH
  00CC          +1    73     TL2     DATA    0CCH
  008C          +1    74     TH0     DATA    8CH
  008D          +1    75     TH1     DATA    8DH
  00CD          +1    76     TH2     DATA    0CDH    
  00CA          +1    77     RCAP2L  DATA    0CAH    
  00CB          +1    78     RCAP2H  DATA    0CBH    
  00A6          +1    79     WDTRST  DATA    0A6H    
  00A7          +1    80     WDTPRG  DATA    0A7H    
                +1    81     
                +1    82     
                +1    83     ;------------------- UART registers ------------------------
  0098          +1    84     SCON    DATA    98H
  009F          +1    85     SM0     BIT     9FH
  009F          +1    86     FE      BIT     9FH
  009E          +1    87     SM1     BIT     9EH
  009D          +1    88     SM2     BIT     9DH
  009C          +1    89     REN     BIT     9CH
  009B          +1    90     TB8     BIT     9BH
  009A          +1    91     RB8     BIT     9AH
  0099          +1    92     TI      BIT     99H
  0098          +1    93     RI      BIT     98H
                +1    94     
  0099          +1    95     SBUF    DATA    99H
  00B9          +1    96     SADEN   DATA    0B9H
  00A9          +1    97     SADDR   DATA    0A9H    
                +1    98     
                +1    99     ;-------------------- ADC registers ----------------------
  00F2          +1   100     ADCLK   DATA    0F2H    
  00F3          +1   101     ADCON   DATA    0F3H    
  00F4          +1   102     ADDL    DATA    0F4H    
  00F5          +1   103     ADDH    DATA    0F5H    
  00F6          +1   104     ADCF    DATA    0F6H    
                +1   105     
                +1   106     ;-------------------- FLASH EEPROM registers ------------
  00F1          +1   107     FPGACON  DATA   0F1H    
  00D1          +1   108     FCON    DATA    0D1H    
  00D2          +1   109     EECON   DATA    0D2H    
  008E          +1   110     AUXR    DATA    8EH
  00A2          +1   111     AUXR1   DATA    0A2H
                +1   112     
                +1   113     ;-------------------- IT registers -----------------------
  00F8          +1   114     IPL1    DATA    0F8H    
  00F7          +1   115     IPH1    DATA    0F7H    
  00A8          +1   116     IEN0    DATA    0A8H    
  00B8          +1   117     IPL0    DATA    0B8H    
  00B7          +1   118     IPH0    DATA    0B7H    
  00E8          +1   119     IEN1    DATA    0E8H    
                +1   120     
                +1   121     ;  IEN0  
  00AF          +1   122     EA      BIT     0AFH
  00AE          +1   123     EC      BIT     0AEH
A51 MACRO ASSEMBLER  EX7                                                                  05/09/2016 14:43:33 PAGE     3

  00AD          +1   124     ET2     BIT     0ADH
  00AC          +1   125     ES      BIT     0ACH
  00AB          +1   126     ET1     BIT     0ABH
  00AA          +1   127     EX1     BIT     0AAH
  00A9          +1   128     ET0     BIT     0A9H
  00A8          +1   129     EX0     BIT     0A8H
                +1   130     
                +1   131     ;  IEN1 
  00EA          +1   132     ETIM    BIT     0EAH
  00E9          +1   133     EADC    BIT     0E9H
  00E8          +1   134     ECAN    BIT     0E8H
                +1   135     
                +1   136     ;--------------------- PCA registers --------------------
  00D8          +1   137     CCON    DATA    0D8H    
  00DF          +1   138     CF              BIT             0DFH
  00DE          +1   139     CR              BIT             0DEH
  00D4          +1   140     CCF4    BIT             0D4H
  00D3          +1   141     CCF3    BIT             0D3H
  00D2          +1   142     CCF2    BIT             0D2H
  00D1          +1   143     CCF1    BIT             0D1H
  00D0          +1   144     CCF0    BIT             0D0H
                +1   145     
  00D9          +1   146     CMOD    DATA    0D9H    
  00F9          +1   147     CH      DATA    0F9H    
  00E9          +1   148     CL      DATA    0E9H    
  00FA          +1   149     CCAP0H  DATA    0FAH    
  00EA          +1   150     CCAP0L  DATA    0EAH    
  00DA          +1   151     CCAPM0  DATA    0DAH    
  00FB          +1   152     CCAP1H  DATA    0FBH    
  00EB          +1   153     CCAP1L  DATA    0EBH    
  00DB          +1   154     CCAPM1  DATA    0DBH    
  00FC          +1   155     CCAP2H  DATA    0FCH    
  00EC          +1   156     CCAP2L  DATA    0ECH    
  00DC          +1   157     CCAPM2  DATA    0DCH    
  00FD          +1   158     CCAP3H  DATA    0FDH    
  00ED          +1   159     CCAP3L  DATA    0EDH    
  00DD          +1   160     CCAPM3  DATA    0DDH    
  00FE          +1   161     CCAP4H  DATA    0FEH    
  00EE          +1   162     CCAP4L  DATA    0EEH    
  00DE          +1   163     CCAPM4  DATA    0DEH    
                +1   164     
                +1   165     ;------------------- CAN registers --------------------------
  009B          +1   166     CANGIT          DATA    09BH
  009C          +1   167     CANTEC          DATA    09CH
  009D          +1   168     CANREC          DATA    09DH
  00A1          +1   169     CANTCON         DATA    0A1H    
  00A3          +1   170     CANMSG          DATA    0A3H    
  00A4          +1   171     CANTTCL         DATA    0A4H    
  00A5          +1   172     CANTTCH         DATA    0A5H    
  00AA          +1   173     CANGSTA         DATA    0AAH
  00AB          +1   174     CANGCON         DATA    0ABH
  00AC          +1   175     CANTIML         DATA    0ACH    
  00AD          +1   176     CANTIMH         DATA    0ADH    
  00AE          +1   177     CANSTMPL        DATA    0AEH    
  00AF          +1   178     CANSTMPH        DATA    0AFH
  00B1          +1   179     CANPAGE         DATA    0B1H
  00B2          +1   180     CANSTCH         DATA    0B2H    
  00B3          +1   181     CANCONCH        DATA    0B3H    
  00B4          +1   182     CANBT1          DATA    0B4H
  00B5          +1   183     CANBT2          DATA    0B5H
  00B6          +1   184     CANBT3          DATA    0B6H
  00BA          +1   185     CANSIT1         DATA    0BAH
  00BB          +1   186     CANSIT2         DATA    0BBH    
  00BC          +1   187     CANIDT1         DATA    0BCH
  00BD          +1   188     CANIDT2         DATA    0BDH    
  00BE          +1   189     CANIDT3         DATA    0BEH    
A51 MACRO ASSEMBLER  EX7                                                                  05/09/2016 14:43:33 PAGE     4

  00BF          +1   190     CANIDT4         DATA    0BFH    
  00C1          +1   191     CANGIE          DATA    0C1H
  00C2          +1   192     CANIE1          DATA    0C2H    
  00C3          +1   193     CANIE2          DATA    0C3H
  00C4          +1   194     CANIDM1         DATA    0C4H
  00C5          +1   195     CANIDM2         DATA    0C5H
  00C6          +1   196     CANIDM3         DATA    0C6H
  00C7          +1   197     CANIDM4         DATA    0C7H
  00CE          +1   198     CANEN1          DATA    0CEH
  00CF          +1   199     CANEN2          DATA    0CFH
                +1   200     
                +1   201     
                     202     
                     203             
                     204     
0000                 205     ORG 0000h
0000 02000E          206     LJMP init
000B                 207     ORG 000Bh
000B 020025          208     LJMP timer0int
000E 758901          209     init:                                   MOV TMOD,#01h ; 
0011 758CFB          210                                                     MOV TH0,#0FBh ; set value of timer 0 
0014 758A8F          211                                                     MOV TL0,#08Fh ; same  for LSB
0017 D2A9            212                                                     SETB ET0 ; enable timer 0  on int
0019 D2AF            213                                                     SETB EA ; enable int
001B D28C            214                                                     SETB TR0 ; enable all interrupt
                     215                                                     
001D B90102          216     main:                                   CJNE R1, #01h, continue
0020 C2A3            217                                                     CLR P2.3
0022 020022          218     continue:                               LJMP $
                     219     ; first step is to check if a button is pressed by setting all rows to 0 and all columns to
                              1 and see which columns is activated
                     220     ; then use dichotomy : 2 first rows at 0 two next at 1, if no columns goes to 0, it is one 
                             of the 2 lasts rows, otherwise the two first
                     221     ; last step is again dichotomy : even rows to 1 and odd rows to 0 to decide which is the bu
                             tton presssed
                     222     
0025 75800F          223     timer0int:                              MOV P0,#00001111b
                     224                                                     
0028 30800C          225                                                     JNB P0.0, dichotomy00
002B 308117          226                                                     JNB P0.1, dichotomy01
002E 308222          227                                                     JNB P0.2, dichotomy02
0031 30832D          228                                                     JNB P0.3, dichotomy03
0034 020129          229                                                     LJMP reset
                     230                                                     
0037 C284            231     dichotomy00:                    CLR P0.4
0039 C285            232                                                     CLR P0.5
003B D286            233                                                     SETB P0.6
003D D287            234                                                     SETB P0.7
003F 30802D          235                                                     JNB P0.0, dichotomy00zero
0042 0200AA          236                                                     LJMP dichotomy00one
                     237                                                     
0045 C284            238     dichotomy01:                    CLR P0.4
0047 C285            239                                                     CLR P0.5
0049 D286            240                                                     SETB P0.6
004B D287            241                                                     SETB P0.7
004D 30812D          242                                                     JNB P0.1, dichotomy01zero
0050 0200B8          243                                                     LJMP dichotomy01one
                     244                                                     
0053 C284            245     dichotomy02:                    CLR P0.4
0055 C285            246                                                     CLR P0.5
0057 D286            247                                                     SETB P0.6
0059 D287            248                                                     SETB P0.7
005B 30822D          249                                                     JNB P0.2, dichotomy02zero
005E 0200C6          250                                                     LJMP dichotomy02one
                     251     
0061 C284            252     dichotomy03:                    CLR P0.4
A51 MACRO ASSEMBLER  EX7                                                                  05/09/2016 14:43:33 PAGE     5

0063 C285            253                                                     CLR P0.5
0065 D286            254                                                     SETB P0.6
0067 D287            255                                                     SETB P0.7
0069 30832D          256                                                     JNB P0.3, dichotomy03zero
006C 0200D4          257                                                     LJMP dichotomy03one
                     258                                                     
006F C284            259     dichotomy00zero:                CLR P0.4
0071 D285            260                                                     SETB P0.5
0073 C286            261                                                     CLR P0.6
0075 D287            262                                                     SETB P0.7
0077 30802D          263                                                     JNB P0.0, intermediateletterC
007A 02010B          264                                                     LJMP letterD
                     265                                                     
                     266                                                     
007D C284            267     dichotomy01zero:                CLR P0.4
007F D285            268                                                     SETB P0.5
0081 C286            269                                                     CLR P0.6
0083 D287            270                                                     SETB P0.7
0085 30817D          271                                                     JNB P0.1, letterB
0088 0200ED          272                                                     LJMP three
                     273                                                     
008B C284            274     dichotomy02zero:                CLR P0.4
008D D285            275                                                     SETB P0.5
008F C286            276                                                     CLR P0.6
0091 D287            277                                                     SETB P0.7
0093 30824C          278                                                     JNB P0.2, zero
0096 0200EA          279                                                     LJMP two
                     280                                                     
0099 C284            281     dichotomy03zero:                CLR P0.4
009B D285            282                                                     SETB P0.5
009D C286            283                                                     CLR P0.6
009F D287            284                                                     SETB P0.7
00A1 30835E          285                                                     JNB P0.3, letterA
00A4 0200E5          286                                                     LJMP one
                     287     
00A7 020108          288     intermediateletterC:    LJMP letterC ; too long jump otherwise
                     289     
00AA C284            290     dichotomy00one:                 CLR P0.4
00AC D285            291                                                     SETB P0.5
00AE C286            292                                                     CLR P0.6
00B0 D287            293                                                     SETB P0.7
00B2 308059          294                                                     JNB P0.0, letterE
00B5 020111          295                                                     LJMP letterF
                     296                                                     
00B8 C284            297     dichotomy01one:                 CLR P0.4
00BA D285            298                                                     SETB P0.5
00BC C286            299                                                     CLR P0.6
00BE D287            300                                                     SETB P0.7
00C0 308133          301                                                     JNB P0.1, six
00C3 0200FF          302                                                     LJMP nine
                     303                                                     
00C6 C284            304     dichotomy02one:                 CLR P0.4
00C8 D285            305                                                     SETB P0.5
00CA C286            306                                                     CLR P0.6
00CC D287            307                                                     SETB P0.7
00CE 308222          308                                                     JNB P0.2, five
00D1 0200FC          309                                                     LJMP eight
                     310                                                     
00D4 C284            311     dichotomy03one:                 CLR P0.4
00D6 D285            312                                                     SETB P0.5
00D8 C286            313                                                     CLR P0.6
00DA D287            314                                                     SETB P0.7
00DC 308311          315                                                     JNB P0.3, four
00DF 0200F9          316                                                     LJMP seven
                     317                                                     
00E2 020114          318     zero:                                   LJMP buzzer
A51 MACRO ASSEMBLER  EX7                                                                  05/09/2016 14:43:33 PAGE     6

00E5 7901            319     one:                                    MOV R1, #01h
00E7 020130          320                                                     LJMP endint
00EA 020114          321     two:                                    LJMP buzzer
00ED 020114          322     three:                                  LJMP buzzer
00F0 020130          323     four:                                   LJMP endint
00F3 020114          324     five:                                   LJMP buzzer
00F6 020114          325     six:                                    LJMP buzzer
00F9 020114          326     seven:                                  LJMP buzzer
00FC 020114          327     eight:                                  LJMP buzzer
00FF 020114          328     nine:                                   LJMP buzzer
0102 020114          329     letterA:                                LJMP buzzer
0105 020114          330     letterB:                                LJMP buzzer
0108 020114          331     letterC:                                LJMP buzzer
010B 020114          332     letterD:                                LJMP buzzer
010E 020114          333     letterE:                                LJMP buzzer
0111 020114          334     letterF:                                LJMP buzzer
                     335     
                     336                                                     
0114 B2A2            337     buzzer:                                 CPL P2.2 ; change state of buzzer
0116 758CFB          338                                                     MOV TH0,#0FBh ; freq at 440
0119 758A8F          339                                                     MOV TL0,#08Fh
011C 020130          340                                                     LJMP endint
011F C2A3            341     led1:                                   CLR     P2.3                                       
                                  
0121 020130          342                                                     LJMP endint
0124 C2A4            343     led2:                                   CLR     P2.4                                       
                                  
0126 020130          344                                                     LJMP endint
0129 D2A3            345     reset:                                  SETB P2.3
012B D2A4            346                                                     SETB P2.4
012D 020130          347                                                     LJMP endint 
                     348                                                     
0130 32              349     endint:                                 RETI
                     350     end                                             
                                                                             
                                             
A51 MACRO ASSEMBLER  EX7                                                                  05/09/2016 14:43:33 PAGE     7

SYMBOL TABLE LISTING
------ ----- -------


N A M E              T Y P E  V A L U E   ATTRIBUTES

AC. . . . . . . . .  B ADDR   00D0H.6 A   
ACC . . . . . . . .  D ADDR   00E0H   A   
ADCF. . . . . . . .  D ADDR   00F6H   A   
ADCLK . . . . . . .  D ADDR   00F2H   A   
ADCON . . . . . . .  D ADDR   00F3H   A   
ADDH. . . . . . . .  D ADDR   00F5H   A   
ADDL. . . . . . . .  D ADDR   00F4H   A   
AUXR. . . . . . . .  D ADDR   008EH   A   
AUXR1 . . . . . . .  D ADDR   00A2H   A   
B . . . . . . . . .  D ADDR   00F0H   A   
BUZZER. . . . . . .  C ADDR   0114H   A   
CANBT1. . . . . . .  D ADDR   00B4H   A   
CANBT2. . . . . . .  D ADDR   00B5H   A   
CANBT3. . . . . . .  D ADDR   00B6H   A   
CANCONCH. . . . . .  D ADDR   00B3H   A   
CANEN1. . . . . . .  D ADDR   00CEH   A   
CANEN2. . . . . . .  D ADDR   00CFH   A   
CANGCON . . . . . .  D ADDR   00ABH   A   
CANGIE. . . . . . .  D ADDR   00C1H   A   
CANGIT. . . . . . .  D ADDR   009BH   A   
CANGSTA . . . . . .  D ADDR   00AAH   A   
CANIDM1 . . . . . .  D ADDR   00C4H   A   
CANIDM2 . . . . . .  D ADDR   00C5H   A   
CANIDM3 . . . . . .  D ADDR   00C6H   A   
CANIDM4 . . . . . .  D ADDR   00C7H   A   
CANIDT1 . . . . . .  D ADDR   00BCH   A   
CANIDT2 . . . . . .  D ADDR   00BDH   A   
CANIDT3 . . . . . .  D ADDR   00BEH   A   
CANIDT4 . . . . . .  D ADDR   00BFH   A   
CANIE1. . . . . . .  D ADDR   00C2H   A   
CANIE2. . . . . . .  D ADDR   00C3H   A   
CANMSG. . . . . . .  D ADDR   00A3H   A   
CANPAGE . . . . . .  D ADDR   00B1H   A   
CANREC. . . . . . .  D ADDR   009DH   A   
CANSIT1 . . . . . .  D ADDR   00BAH   A   
CANSIT2 . . . . . .  D ADDR   00BBH   A   
CANSTCH . . . . . .  D ADDR   00B2H   A   
CANSTMPH. . . . . .  D ADDR   00AFH   A   
CANSTMPL. . . . . .  D ADDR   00AEH   A   
CANTCON . . . . . .  D ADDR   00A1H   A   
CANTEC. . . . . . .  D ADDR   009CH   A   
CANTIMH . . . . . .  D ADDR   00ADH   A   
CANTIML . . . . . .  D ADDR   00ACH   A   
CANTTCH . . . . . .  D ADDR   00A5H   A   
CANTTCL . . . . . .  D ADDR   00A4H   A   
CCAP0H. . . . . . .  D ADDR   00FAH   A   
CCAP0L. . . . . . .  D ADDR   00EAH   A   
CCAP1H. . . . . . .  D ADDR   00FBH   A   
CCAP1L. . . . . . .  D ADDR   00EBH   A   
CCAP2H. . . . . . .  D ADDR   00FCH   A   
CCAP2L. . . . . . .  D ADDR   00ECH   A   
CCAP3H. . . . . . .  D ADDR   00FDH   A   
CCAP3L. . . . . . .  D ADDR   00EDH   A   
CCAP4H. . . . . . .  D ADDR   00FEH   A   
CCAP4L. . . . . . .  D ADDR   00EEH   A   
CCAPM0. . . . . . .  D ADDR   00DAH   A   
CCAPM1. . . . . . .  D ADDR   00DBH   A   
CCAPM2. . . . . . .  D ADDR   00DCH   A   
CCAPM3. . . . . . .  D ADDR   00DDH   A   
CCAPM4. . . . . . .  D ADDR   00DEH   A   
A51 MACRO ASSEMBLER  EX7                                                                  05/09/2016 14:43:33 PAGE     8

CCF0. . . . . . . .  B ADDR   00D0H.0 A   
CCF1. . . . . . . .  B ADDR   00D0H.1 A   
CCF2. . . . . . . .  B ADDR   00D0H.2 A   
CCF3. . . . . . . .  B ADDR   00D0H.3 A   
CCF4. . . . . . . .  B ADDR   00D0H.4 A   
CCON. . . . . . . .  D ADDR   00D8H   A   
CF. . . . . . . . .  B ADDR   00D8H.7 A   
CH. . . . . . . . .  D ADDR   00F9H   A   
CKCON . . . . . . .  D ADDR   008FH   A   
CL. . . . . . . . .  D ADDR   00E9H   A   
CMOD. . . . . . . .  D ADDR   00D9H   A   
CONTINUE. . . . . .  C ADDR   0022H   A   
CP_RL2. . . . . . .  B ADDR   00C8H.0 A   
CR. . . . . . . . .  B ADDR   00D8H.6 A   
CY. . . . . . . . .  B ADDR   00D0H.7 A   
C_T2. . . . . . . .  B ADDR   00C8H.1 A   
DICHOTOMY00 . . . .  C ADDR   0037H   A   
DICHOTOMY00ONE. . .  C ADDR   00AAH   A   
DICHOTOMY00ZERO . .  C ADDR   006FH   A   
DICHOTOMY01 . . . .  C ADDR   0045H   A   
DICHOTOMY01ONE. . .  C ADDR   00B8H   A   
DICHOTOMY01ZERO . .  C ADDR   007DH   A   
DICHOTOMY02 . . . .  C ADDR   0053H   A   
DICHOTOMY02ONE. . .  C ADDR   00C6H   A   
DICHOTOMY02ZERO . .  C ADDR   008BH   A   
DICHOTOMY03 . . . .  C ADDR   0061H   A   
DICHOTOMY03ONE. . .  C ADDR   00D4H   A   
DICHOTOMY03ZERO . .  C ADDR   0099H   A   
DPH . . . . . . . .  D ADDR   0083H   A   
DPL . . . . . . . .  D ADDR   0082H   A   
EA. . . . . . . . .  B ADDR   00A8H.7 A   
EADC. . . . . . . .  B ADDR   00E8H.1 A   
EC. . . . . . . . .  B ADDR   00A8H.6 A   
ECAN. . . . . . . .  B ADDR   00E8H.0 A   
EECON . . . . . . .  D ADDR   00D2H   A   
EIGHT . . . . . . .  C ADDR   00FCH   A   
ENDINT. . . . . . .  C ADDR   0130H   A   
ES. . . . . . . . .  B ADDR   00A8H.4 A   
ET0 . . . . . . . .  B ADDR   00A8H.1 A   
ET1 . . . . . . . .  B ADDR   00A8H.3 A   
ET2 . . . . . . . .  B ADDR   00A8H.5 A   
ETIM. . . . . . . .  B ADDR   00E8H.2 A   
EX0 . . . . . . . .  B ADDR   00A8H.0 A   
EX1 . . . . . . . .  B ADDR   00A8H.2 A   
EXEN2 . . . . . . .  B ADDR   00C8H.3 A   
EXF2. . . . . . . .  B ADDR   00C8H.6 A   
F0. . . . . . . . .  B ADDR   00D0H.5 A   
FCON. . . . . . . .  D ADDR   00D1H   A   
FE. . . . . . . . .  B ADDR   0098H.7 A   
FIVE. . . . . . . .  C ADDR   00F3H   A   
FOUR. . . . . . . .  C ADDR   00F0H   A   
FPGACON . . . . . .  D ADDR   00F1H   A   
IE0 . . . . . . . .  B ADDR   0088H.1 A   
IE1 . . . . . . . .  B ADDR   0088H.3 A   
IEN0. . . . . . . .  D ADDR   00A8H   A   
IEN1. . . . . . . .  D ADDR   00E8H   A   
INIT. . . . . . . .  C ADDR   000EH   A   
INT0. . . . . . . .  B ADDR   00B0H.2 A   
INT1. . . . . . . .  B ADDR   00B0H.3 A   
INTERMEDIATELETTERC  C ADDR   00A7H   A   
IPH0. . . . . . . .  D ADDR   00B7H   A   
IPH1. . . . . . . .  D ADDR   00F7H   A   
IPL0. . . . . . . .  D ADDR   00B8H   A   
IPL1. . . . . . . .  D ADDR   00F8H   A   
IT0 . . . . . . . .  B ADDR   0088H.0 A   
IT1 . . . . . . . .  B ADDR   0088H.2 A   
A51 MACRO ASSEMBLER  EX7                                                                  05/09/2016 14:43:33 PAGE     9

LED1. . . . . . . .  C ADDR   011FH   A   
LED2. . . . . . . .  C ADDR   0124H   A   
LETTERA . . . . . .  C ADDR   0102H   A   
LETTERB . . . . . .  C ADDR   0105H   A   
LETTERC . . . . . .  C ADDR   0108H   A   
LETTERD . . . . . .  C ADDR   010BH   A   
LETTERE . . . . . .  C ADDR   010EH   A   
LETTERF . . . . . .  C ADDR   0111H   A   
MAIN. . . . . . . .  C ADDR   001DH   A   
NINE. . . . . . . .  C ADDR   00FFH   A   
ONE . . . . . . . .  C ADDR   00E5H   A   
OV. . . . . . . . .  B ADDR   00D0H.2 A   
P . . . . . . . . .  B ADDR   00D0H.0 A   
P0. . . . . . . . .  D ADDR   0080H   A   
P1. . . . . . . . .  D ADDR   0090H   A   
P2. . . . . . . . .  D ADDR   00A0H   A   
P3. . . . . . . . .  D ADDR   00B0H   A   
P4. . . . . . . . .  D ADDR   00C0H   A   
PCON. . . . . . . .  D ADDR   0087H   A   
PSW . . . . . . . .  D ADDR   00D0H   A   
RB8 . . . . . . . .  B ADDR   0098H.2 A   
RCAP2H. . . . . . .  D ADDR   00CBH   A   
RCAP2L. . . . . . .  D ADDR   00CAH   A   
RCLK. . . . . . . .  B ADDR   00C8H.5 A   
RD. . . . . . . . .  B ADDR   00B0H.7 A   
REN . . . . . . . .  B ADDR   0098H.4 A   
RESET . . . . . . .  C ADDR   0129H   A   
RI. . . . . . . . .  B ADDR   0098H.0 A   
RS0 . . . . . . . .  B ADDR   00D0H.3 A   
RS1 . . . . . . . .  B ADDR   00D0H.4 A   
RXD . . . . . . . .  B ADDR   00B0H.0 A   
SADDR . . . . . . .  D ADDR   00A9H   A   
SADEN . . . . . . .  D ADDR   00B9H   A   
SBUF. . . . . . . .  D ADDR   0099H   A   
SCON. . . . . . . .  D ADDR   0098H   A   
SEVEN . . . . . . .  C ADDR   00F9H   A   
SIX . . . . . . . .  C ADDR   00F6H   A   
SM0 . . . . . . . .  B ADDR   0098H.7 A   
SM1 . . . . . . . .  B ADDR   0098H.6 A   
SM2 . . . . . . . .  B ADDR   0098H.5 A   
SP. . . . . . . . .  D ADDR   0081H   A   
T0. . . . . . . . .  B ADDR   00B0H.4 A   
T1. . . . . . . . .  B ADDR   00B0H.5 A   
T2CON . . . . . . .  D ADDR   00C8H   A   
T2MOD . . . . . . .  D ADDR   00C9H   A   
TB8 . . . . . . . .  B ADDR   0098H.3 A   
TCLK. . . . . . . .  B ADDR   00C8H.4 A   
TCON. . . . . . . .  D ADDR   0088H   A   
TF0 . . . . . . . .  B ADDR   0088H.5 A   
TF1 . . . . . . . .  B ADDR   0088H.7 A   
TF2 . . . . . . . .  B ADDR   00C8H.7 A   
TH0 . . . . . . . .  D ADDR   008CH   A   
TH1 . . . . . . . .  D ADDR   008DH   A   
TH2 . . . . . . . .  D ADDR   00CDH   A   
THREE . . . . . . .  C ADDR   00EDH   A   
TI. . . . . . . . .  B ADDR   0098H.1 A   
TIMER0INT . . . . .  C ADDR   0025H   A   
TL0 . . . . . . . .  D ADDR   008AH   A   
TL1 . . . . . . . .  D ADDR   008BH   A   
TL2 . . . . . . . .  D ADDR   00CCH   A   
TMOD. . . . . . . .  D ADDR   0089H   A   
TR0 . . . . . . . .  B ADDR   0088H.4 A   
TR1 . . . . . . . .  B ADDR   0088H.6 A   
TR2 . . . . . . . .  B ADDR   00C8H.2 A   
TWO . . . . . . . .  C ADDR   00EAH   A   
TXD . . . . . . . .  B ADDR   00B0H.1 A   
A51 MACRO ASSEMBLER  EX7                                                                  05/09/2016 14:43:33 PAGE    10

WDTPRG. . . . . . .  D ADDR   00A7H   A   
WDTRST. . . . . . .  D ADDR   00A6H   A   
WR. . . . . . . . .  B ADDR   00B0H.6 A   
ZERO. . . . . . . .  C ADDR   00E2H   A   


REGISTER BANK(S) USED: 0 


ASSEMBLY COMPLETE.  0 WARNING(S), 0 ERROR(S)
