A51 MACRO ASSEMBLER  EX9                                                                  04/18/2016 11:32:05 PAGE     1


MACRO ASSEMBLER A51 V8.02c
OBJECT MODULE PLACED IN .\Objects\ex9.obj
ASSEMBLER INVOKED BY: C:\Keil_v5\C51\BIN\A51.EXE ex9.a51 NOMOD51 SET(SMALL) DEBUG PRINT(.\Listings\ex9.lst) OBJECT(.\Obj
                      ects\ex9.obj) EP

LOC  OBJ            LINE     SOURCE

                       1     ;$include (t89c51cc01.inc)
                +1     2     ;*INC*************************************************************************
                +1     3     ; NAME: 89C51CC01.inc           
                +1     4     ;----------------------------------------------------------------------------
                +1     5     ; PURPOSE: for Keil
                +1     6     ;*****************************************************************************
                +1     7     
                +1     8     ;----------------------------------------
                +1     9     ; Include file for 8051 SFR Definitions  
                +1    10     ;----------------------------------------
                +1    11     
                +1    12     ;  BYTE Register 
  0080          +1    13     P0      DATA    80H
  0090          +1    14     P1      DATA    90H
  00A0          +1    15     P2      DATA    0A0H
                +1    16     
  00B0          +1    17     P3      DATA    0B0H
  00B7          +1    18     RD      BIT     0B7H
  00B6          +1    19     WR      BIT     0B6H
  00B5          +1    20     T1      BIT     0B5H
  00B4          +1    21     T0      BIT     0B4H
  00B3          +1    22     INT1    BIT     0B3H
  00B2          +1    23     INT0    BIT     0B2H
  00B1          +1    24     TXD     BIT     0B1H
  00B0          +1    25     RXD     BIT     0B0H
                +1    26     
  00C0          +1    27     P4      DATA    0C0H
                +1    28     
  00D0          +1    29     PSW     DATA    0D0H
  00D7          +1    30     CY      BIT     0D7H
  00D6          +1    31     AC      BIT     0D6H
  00D5          +1    32     F0      BIT     0D5H
  00D4          +1    33     RS1     BIT     0D4H
  00D3          +1    34     RS0     BIT     0D3H
  00D2          +1    35     OV      BIT     0D2H
  00D0          +1    36     P       BIT     0D0H
                +1    37     
  00E0          +1    38     ACC     DATA    0E0H
  00F0          +1    39     B       DATA    0F0H
  0081          +1    40     SP      DATA    81H
  0082          +1    41     DPL     DATA    82H
  0083          +1    42     DPH     DATA    83H
  0087          +1    43     PCON    DATA    87H
  008F          +1    44     CKCON   DATA    8FH
                +1    45     
                +1    46     ;------------------ TIMERS registers ---------------------
  0088          +1    47     TCON    DATA    88H
  008F          +1    48     TF1     BIT     8FH
  008E          +1    49     TR1     BIT     8EH
  008D          +1    50     TF0     BIT     8DH
  008C          +1    51     TR0     BIT     8CH
  008B          +1    52     IE1     BIT     8BH
  008A          +1    53     IT1     BIT     8AH
  0089          +1    54     IE0     BIT     89H
  0088          +1    55     IT0     BIT     88H
                +1    56             
  0089          +1    57     TMOD    DATA    89H
A51 MACRO ASSEMBLER  EX9                                                                  04/18/2016 11:32:05 PAGE     2

                +1    58     
  00C8          +1    59     T2CON   DATA    0C8H
  00CF          +1    60     TF2     BIT     0CFH
  00CE          +1    61     EXF2    BIT     0CEH
  00CD          +1    62     RCLK    BIT     0CDH
  00CC          +1    63     TCLK    BIT     0CCH
  00CB          +1    64     EXEN2   BIT     0CBH
  00CA          +1    65     TR2     BIT     0CAH
  00C9          +1    66     C_T2    BIT     0C9H
  00C8          +1    67     CP_RL2  BIT     0C8H
                +1    68             
  00C9          +1    69     T2MOD   DATA    0C9H    
  008A          +1    70     TL0     DATA    8AH
  008B          +1    71     TL1     DATA    8BH
  00CC          +1    72     TL2     DATA    0CCH
  008C          +1    73     TH0     DATA    8CH
  008D          +1    74     TH1     DATA    8DH
  00CD          +1    75     TH2     DATA    0CDH    
  00CA          +1    76     RCAP2L  DATA    0CAH    
  00CB          +1    77     RCAP2H  DATA    0CBH    
  00A6          +1    78     WDTRST  DATA    0A6H    
  00A7          +1    79     WDTPRG  DATA    0A7H    
                +1    80     
                +1    81     
                +1    82     ;------------------- UART registers ------------------------
  0098          +1    83     SCON    DATA    98H
  009F          +1    84     SM0     BIT     9FH
  009F          +1    85     FE      BIT     9FH
  009E          +1    86     SM1     BIT     9EH
  009D          +1    87     SM2     BIT     9DH
  009C          +1    88     REN     BIT     9CH
  009B          +1    89     TB8     BIT     9BH
  009A          +1    90     RB8     BIT     9AH
  0099          +1    91     TI      BIT     99H
  0098          +1    92     RI      BIT     98H
                +1    93     
  0099          +1    94     SBUF    DATA    99H
  00B9          +1    95     SADEN   DATA    0B9H
  00A9          +1    96     SADDR   DATA    0A9H    
                +1    97     
                +1    98     ;-------------------- ADC registers ----------------------
  00F2          +1    99     ADCLK   DATA    0F2H    
  00F3          +1   100     ADCON   DATA    0F3H    
  00F4          +1   101     ADDL    DATA    0F4H    
  00F5          +1   102     ADDH    DATA    0F5H    
  00F6          +1   103     ADCF    DATA    0F6H    
                +1   104     
                +1   105     ;-------------------- FLASH EEPROM registers ------------
  00F1          +1   106     FPGACON  DATA   0F1H    
  00D1          +1   107     FCON    DATA    0D1H    
  00D2          +1   108     EECON   DATA    0D2H    
  008E          +1   109     AUXR    DATA    8EH
  00A2          +1   110     AUXR1   DATA    0A2H
                +1   111     
                +1   112     ;-------------------- IT registers -----------------------
  00F8          +1   113     IPL1    DATA    0F8H    
  00F7          +1   114     IPH1    DATA    0F7H    
  00A8          +1   115     IEN0    DATA    0A8H    
  00B8          +1   116     IPL0    DATA    0B8H    
  00B7          +1   117     IPH0    DATA    0B7H    
  00E8          +1   118     IEN1    DATA    0E8H    
                +1   119     
                +1   120     ;  IEN0  
  00AF          +1   121     EA      BIT     0AFH
  00AE          +1   122     EC      BIT     0AEH
  00AD          +1   123     ET2     BIT     0ADH
A51 MACRO ASSEMBLER  EX9                                                                  04/18/2016 11:32:05 PAGE     3

  00AC          +1   124     ES      BIT     0ACH
  00AB          +1   125     ET1     BIT     0ABH
  00AA          +1   126     EX1     BIT     0AAH
  00A9          +1   127     ET0     BIT     0A9H
  00A8          +1   128     EX0     BIT     0A8H
                +1   129     
                +1   130     ;  IEN1 
  00EA          +1   131     ETIM    BIT     0EAH
  00E9          +1   132     EADC    BIT     0E9H
  00E8          +1   133     ECAN    BIT     0E8H
                +1   134     
                +1   135     ;--------------------- PCA registers --------------------
  00D8          +1   136     CCON    DATA    0D8H    
  00DF          +1   137     CF              BIT             0DFH
  00DE          +1   138     CR              BIT             0DEH
  00D4          +1   139     CCF4    BIT             0D4H
  00D3          +1   140     CCF3    BIT             0D3H
  00D2          +1   141     CCF2    BIT             0D2H
  00D1          +1   142     CCF1    BIT             0D1H
  00D0          +1   143     CCF0    BIT             0D0H
                +1   144     
  00D9          +1   145     CMOD    DATA    0D9H    
  00F9          +1   146     CH      DATA    0F9H    
  00E9          +1   147     CL      DATA    0E9H    
  00FA          +1   148     CCAP0H  DATA    0FAH    
  00EA          +1   149     CCAP0L  DATA    0EAH    
  00DA          +1   150     CCAPM0  DATA    0DAH    
  00FB          +1   151     CCAP1H  DATA    0FBH    
  00EB          +1   152     CCAP1L  DATA    0EBH    
  00DB          +1   153     CCAPM1  DATA    0DBH    
  00FC          +1   154     CCAP2H  DATA    0FCH    
  00EC          +1   155     CCAP2L  DATA    0ECH    
  00DC          +1   156     CCAPM2  DATA    0DCH    
  00FD          +1   157     CCAP3H  DATA    0FDH    
  00ED          +1   158     CCAP3L  DATA    0EDH    
  00DD          +1   159     CCAPM3  DATA    0DDH    
  00FE          +1   160     CCAP4H  DATA    0FEH    
  00EE          +1   161     CCAP4L  DATA    0EEH    
  00DE          +1   162     CCAPM4  DATA    0DEH    
                +1   163     
                +1   164     ;------------------- CAN registers --------------------------
  009B          +1   165     CANGIT          DATA    09BH
  009C          +1   166     CANTEC          DATA    09CH
  009D          +1   167     CANREC          DATA    09DH
  00A1          +1   168     CANTCON         DATA    0A1H    
  00A3          +1   169     CANMSG          DATA    0A3H    
  00A4          +1   170     CANTTCL         DATA    0A4H    
  00A5          +1   171     CANTTCH         DATA    0A5H    
  00AA          +1   172     CANGSTA         DATA    0AAH
  00AB          +1   173     CANGCON         DATA    0ABH
  00AC          +1   174     CANTIML         DATA    0ACH    
  00AD          +1   175     CANTIMH         DATA    0ADH    
  00AE          +1   176     CANSTMPL        DATA    0AEH    
  00AF          +1   177     CANSTMPH        DATA    0AFH
  00B1          +1   178     CANPAGE         DATA    0B1H
  00B2          +1   179     CANSTCH         DATA    0B2H    
  00B3          +1   180     CANCONCH        DATA    0B3H    
  00B4          +1   181     CANBT1          DATA    0B4H
  00B5          +1   182     CANBT2          DATA    0B5H
  00B6          +1   183     CANBT3          DATA    0B6H
  00BA          +1   184     CANSIT1         DATA    0BAH
  00BB          +1   185     CANSIT2         DATA    0BBH    
  00BC          +1   186     CANIDT1         DATA    0BCH
  00BD          +1   187     CANIDT2         DATA    0BDH    
  00BE          +1   188     CANIDT3         DATA    0BEH    
  00BF          +1   189     CANIDT4         DATA    0BFH    
A51 MACRO ASSEMBLER  EX9                                                                  04/18/2016 11:32:05 PAGE     4

  00C1          +1   190     CANGIE          DATA    0C1H
  00C2          +1   191     CANIE1          DATA    0C2H    
  00C3          +1   192     CANIE2          DATA    0C3H
  00C4          +1   193     CANIDM1         DATA    0C4H
  00C5          +1   194     CANIDM2         DATA    0C5H
  00C6          +1   195     CANIDM3         DATA    0C6H
  00C7          +1   196     CANIDM4         DATA    0C7H
  00CE          +1   197     CANEN1          DATA    0CEH
  00CF          +1   198     CANEN2          DATA    0CFH
                +1   199     
                +1   200     
                     201     
                     202     
0000                 203     ORG 000h
0000 020003          204     LJMP init
                     205     
0003 758911          206     init:           MOV TMOD,#11h  
0006 758CEC          207                             MOV TH0,#0ECh  
0009 758A77          208                             MOV TL0,#077h
000C 758DFB          209                             MOV TH1, #0FBh  
000F 758B8F          210                             MOV TL1, #08Fh
0012 D2A9            211                             SETB ET0  
0014 D2AB            212                             SETB ET1
0016 D2AF            213                             SETB EA  
0018 D28C            214                             SETB TR0
001A 02001D          215                             LJMP main
                     216     
                     217     
                     218     
001D 7928            219     main:       MOV R1, #028h  ; =40 = all leds of a line
001F B2C1            220     loopcol:    CPL P4.1    
0021 D2C0            221                 SETB P4.0
0023 C2C0            222                 CLR P4.0
                     223     
0025 D9F8            224                 DJNZ R1, loopcol
                     225     
                     226                 ;SETB P4.1   ; floating value of data between the 40 cols and the 7 rows
                     227                 ;SETB P4.0
                     228                 ;CLR P4.0
                     229     
                     230     
0027 7A07            231                 MOV R2, #07h  ;= 6 first rows disabled
0029 B2C1            232     looprow:    CPL P4.1
002B D2C0            233                 SETB P4.0
002D C2C0            234                 CLR P4.0
                     235     
002F DAF8            236                 DJNZ R2, looprow
                     237     
                     238                 ;CLR P4.1   ; last row enabled
                     239                 ;SETB P4.0
                     240                 ;CLR P4.0
                     241     
                     242     
0031 D2B2            243                 SETB P3.2
0033 C2B2            244                 CLR P3.2  ; display store
                     245     
0035 02001D          246                 LJMP main
                     247     
                     248     END
A51 MACRO ASSEMBLER  EX9                                                                  04/18/2016 11:32:05 PAGE     5

SYMBOL TABLE LISTING
------ ----- -------


N A M E             T Y P E  V A L U E   ATTRIBUTES

AC . . . . . . . .  B ADDR   00D0H.6 A   
ACC. . . . . . . .  D ADDR   00E0H   A   
ADCF . . . . . . .  D ADDR   00F6H   A   
ADCLK. . . . . . .  D ADDR   00F2H   A   
ADCON. . . . . . .  D ADDR   00F3H   A   
ADDH . . . . . . .  D ADDR   00F5H   A   
ADDL . . . . . . .  D ADDR   00F4H   A   
AUXR . . . . . . .  D ADDR   008EH   A   
AUXR1. . . . . . .  D ADDR   00A2H   A   
B. . . . . . . . .  D ADDR   00F0H   A   
CANBT1 . . . . . .  D ADDR   00B4H   A   
CANBT2 . . . . . .  D ADDR   00B5H   A   
CANBT3 . . . . . .  D ADDR   00B6H   A   
CANCONCH . . . . .  D ADDR   00B3H   A   
CANEN1 . . . . . .  D ADDR   00CEH   A   
CANEN2 . . . . . .  D ADDR   00CFH   A   
CANGCON. . . . . .  D ADDR   00ABH   A   
CANGIE . . . . . .  D ADDR   00C1H   A   
CANGIT . . . . . .  D ADDR   009BH   A   
CANGSTA. . . . . .  D ADDR   00AAH   A   
CANIDM1. . . . . .  D ADDR   00C4H   A   
CANIDM2. . . . . .  D ADDR   00C5H   A   
CANIDM3. . . . . .  D ADDR   00C6H   A   
CANIDM4. . . . . .  D ADDR   00C7H   A   
CANIDT1. . . . . .  D ADDR   00BCH   A   
CANIDT2. . . . . .  D ADDR   00BDH   A   
CANIDT3. . . . . .  D ADDR   00BEH   A   
CANIDT4. . . . . .  D ADDR   00BFH   A   
CANIE1 . . . . . .  D ADDR   00C2H   A   
CANIE2 . . . . . .  D ADDR   00C3H   A   
CANMSG . . . . . .  D ADDR   00A3H   A   
CANPAGE. . . . . .  D ADDR   00B1H   A   
CANREC . . . . . .  D ADDR   009DH   A   
CANSIT1. . . . . .  D ADDR   00BAH   A   
CANSIT2. . . . . .  D ADDR   00BBH   A   
CANSTCH. . . . . .  D ADDR   00B2H   A   
CANSTMPH . . . . .  D ADDR   00AFH   A   
CANSTMPL . . . . .  D ADDR   00AEH   A   
CANTCON. . . . . .  D ADDR   00A1H   A   
CANTEC . . . . . .  D ADDR   009CH   A   
CANTIMH. . . . . .  D ADDR   00ADH   A   
CANTIML. . . . . .  D ADDR   00ACH   A   
CANTTCH. . . . . .  D ADDR   00A5H   A   
CANTTCL. . . . . .  D ADDR   00A4H   A   
CCAP0H . . . . . .  D ADDR   00FAH   A   
CCAP0L . . . . . .  D ADDR   00EAH   A   
CCAP1H . . . . . .  D ADDR   00FBH   A   
CCAP1L . . . . . .  D ADDR   00EBH   A   
CCAP2H . . . . . .  D ADDR   00FCH   A   
CCAP2L . . . . . .  D ADDR   00ECH   A   
CCAP3H . . . . . .  D ADDR   00FDH   A   
CCAP3L . . . . . .  D ADDR   00EDH   A   
CCAP4H . . . . . .  D ADDR   00FEH   A   
CCAP4L . . . . . .  D ADDR   00EEH   A   
CCAPM0 . . . . . .  D ADDR   00DAH   A   
CCAPM1 . . . . . .  D ADDR   00DBH   A   
CCAPM2 . . . . . .  D ADDR   00DCH   A   
CCAPM3 . . . . . .  D ADDR   00DDH   A   
CCAPM4 . . . . . .  D ADDR   00DEH   A   
CCF0 . . . . . . .  B ADDR   00D0H.0 A   
A51 MACRO ASSEMBLER  EX9                                                                  04/18/2016 11:32:05 PAGE     6

CCF1 . . . . . . .  B ADDR   00D0H.1 A   
CCF2 . . . . . . .  B ADDR   00D0H.2 A   
CCF3 . . . . . . .  B ADDR   00D0H.3 A   
CCF4 . . . . . . .  B ADDR   00D0H.4 A   
CCON . . . . . . .  D ADDR   00D8H   A   
CF . . . . . . . .  B ADDR   00D8H.7 A   
CH . . . . . . . .  D ADDR   00F9H   A   
CKCON. . . . . . .  D ADDR   008FH   A   
CL . . . . . . . .  D ADDR   00E9H   A   
CMOD . . . . . . .  D ADDR   00D9H   A   
CP_RL2 . . . . . .  B ADDR   00C8H.0 A   
CR . . . . . . . .  B ADDR   00D8H.6 A   
CY . . . . . . . .  B ADDR   00D0H.7 A   
C_T2 . . . . . . .  B ADDR   00C8H.1 A   
DPH. . . . . . . .  D ADDR   0083H   A   
DPL. . . . . . . .  D ADDR   0082H   A   
EA . . . . . . . .  B ADDR   00A8H.7 A   
EADC . . . . . . .  B ADDR   00E8H.1 A   
EC . . . . . . . .  B ADDR   00A8H.6 A   
ECAN . . . . . . .  B ADDR   00E8H.0 A   
EECON. . . . . . .  D ADDR   00D2H   A   
ES . . . . . . . .  B ADDR   00A8H.4 A   
ET0. . . . . . . .  B ADDR   00A8H.1 A   
ET1. . . . . . . .  B ADDR   00A8H.3 A   
ET2. . . . . . . .  B ADDR   00A8H.5 A   
ETIM . . . . . . .  B ADDR   00E8H.2 A   
EX0. . . . . . . .  B ADDR   00A8H.0 A   
EX1. . . . . . . .  B ADDR   00A8H.2 A   
EXEN2. . . . . . .  B ADDR   00C8H.3 A   
EXF2 . . . . . . .  B ADDR   00C8H.6 A   
F0 . . . . . . . .  B ADDR   00D0H.5 A   
FCON . . . . . . .  D ADDR   00D1H   A   
FE . . . . . . . .  B ADDR   0098H.7 A   
FPGACON. . . . . .  D ADDR   00F1H   A   
IE0. . . . . . . .  B ADDR   0088H.1 A   
IE1. . . . . . . .  B ADDR   0088H.3 A   
IEN0 . . . . . . .  D ADDR   00A8H   A   
IEN1 . . . . . . .  D ADDR   00E8H   A   
INIT . . . . . . .  C ADDR   0003H   A   
INT0 . . . . . . .  B ADDR   00B0H.2 A   
INT1 . . . . . . .  B ADDR   00B0H.3 A   
IPH0 . . . . . . .  D ADDR   00B7H   A   
IPH1 . . . . . . .  D ADDR   00F7H   A   
IPL0 . . . . . . .  D ADDR   00B8H   A   
IPL1 . . . . . . .  D ADDR   00F8H   A   
IT0. . . . . . . .  B ADDR   0088H.0 A   
IT1. . . . . . . .  B ADDR   0088H.2 A   
LOOPCOL. . . . . .  C ADDR   001FH   A   
LOOPROW. . . . . .  C ADDR   0029H   A   
MAIN . . . . . . .  C ADDR   001DH   A   
OV . . . . . . . .  B ADDR   00D0H.2 A   
P. . . . . . . . .  B ADDR   00D0H.0 A   
P0 . . . . . . . .  D ADDR   0080H   A   
P1 . . . . . . . .  D ADDR   0090H   A   
P2 . . . . . . . .  D ADDR   00A0H   A   
P3 . . . . . . . .  D ADDR   00B0H   A   
P4 . . . . . . . .  D ADDR   00C0H   A   
PCON . . . . . . .  D ADDR   0087H   A   
PSW. . . . . . . .  D ADDR   00D0H   A   
RB8. . . . . . . .  B ADDR   0098H.2 A   
RCAP2H . . . . . .  D ADDR   00CBH   A   
RCAP2L . . . . . .  D ADDR   00CAH   A   
RCLK . . . . . . .  B ADDR   00C8H.5 A   
RD . . . . . . . .  B ADDR   00B0H.7 A   
REN. . . . . . . .  B ADDR   0098H.4 A   
RI . . . . . . . .  B ADDR   0098H.0 A   
A51 MACRO ASSEMBLER  EX9                                                                  04/18/2016 11:32:05 PAGE     7

RS0. . . . . . . .  B ADDR   00D0H.3 A   
RS1. . . . . . . .  B ADDR   00D0H.4 A   
RXD. . . . . . . .  B ADDR   00B0H.0 A   
SADDR. . . . . . .  D ADDR   00A9H   A   
SADEN. . . . . . .  D ADDR   00B9H   A   
SBUF . . . . . . .  D ADDR   0099H   A   
SCON . . . . . . .  D ADDR   0098H   A   
SM0. . . . . . . .  B ADDR   0098H.7 A   
SM1. . . . . . . .  B ADDR   0098H.6 A   
SM2. . . . . . . .  B ADDR   0098H.5 A   
SP . . . . . . . .  D ADDR   0081H   A   
T0 . . . . . . . .  B ADDR   00B0H.4 A   
T1 . . . . . . . .  B ADDR   00B0H.5 A   
T2CON. . . . . . .  D ADDR   00C8H   A   
T2MOD. . . . . . .  D ADDR   00C9H   A   
TB8. . . . . . . .  B ADDR   0098H.3 A   
TCLK . . . . . . .  B ADDR   00C8H.4 A   
TCON . . . . . . .  D ADDR   0088H   A   
TF0. . . . . . . .  B ADDR   0088H.5 A   
TF1. . . . . . . .  B ADDR   0088H.7 A   
TF2. . . . . . . .  B ADDR   00C8H.7 A   
TH0. . . . . . . .  D ADDR   008CH   A   
TH1. . . . . . . .  D ADDR   008DH   A   
TH2. . . . . . . .  D ADDR   00CDH   A   
TI . . . . . . . .  B ADDR   0098H.1 A   
TL0. . . . . . . .  D ADDR   008AH   A   
TL1. . . . . . . .  D ADDR   008BH   A   
TL2. . . . . . . .  D ADDR   00CCH   A   
TMOD . . . . . . .  D ADDR   0089H   A   
TR0. . . . . . . .  B ADDR   0088H.4 A   
TR1. . . . . . . .  B ADDR   0088H.6 A   
TR2. . . . . . . .  B ADDR   00C8H.2 A   
TXD. . . . . . . .  B ADDR   00B0H.1 A   
WDTPRG . . . . . .  D ADDR   00A7H   A   
WDTRST . . . . . .  D ADDR   00A6H   A   
WR . . . . . . . .  B ADDR   00B0H.6 A   


REGISTER BANK(S) USED: 0 


ASSEMBLY COMPLETE.  0 WARNING(S), 0 ERROR(S)
