A51 MACRO ASSEMBLER  MAIN                                                                 05/11/2016 18:03:33 PAGE     1


MACRO ASSEMBLER A51 V8.02c
OBJECT MODULE PLACED IN .\Objects\main.obj
ASSEMBLER INVOKED BY: C:\Keil_v5\C51\BIN\A51.EXE main.a51 NOMOD51 SET(SMALL) DEBUG PRINT(.\Listings\main.lst) OBJECT(.\O
                      bjects\main.obj) EP

LOC  OBJ            LINE     SOURCE

                       1     ;$include (t89c51cc01.inc)
                +1     2     ;*INC*************************************************************************
                +1     3     ; NAME: 89C51CC01.inc           
                +1     4     ;----------------------------------------------------------------------------
                +1     5     ; PURPOSE: for Keil
                +1     6     ;*****************************************************************************
                +1     7     
                +1     8     ;----------------------------------------
                +1     9     ; Include file for 8051 SFR Definitions  
                +1    10     ;----------------------------------------
                +1    11     
                +1    12     ;  BYTE Register 
  0080          +1    13     P0      DATA    80H
  0090          +1    14     P1      DATA    90H
  00A0          +1    15     P2      DATA    0A0H
                +1    16     
  00B0          +1    17     P3      DATA    0B0H
  00B7          +1    18     RD      BIT     0B7H
  00B6          +1    19     WR      BIT     0B6H
  00B5          +1    20     T1      BIT     0B5H
  00B4          +1    21     T0      BIT     0B4H
  00B3          +1    22     INT1    BIT     0B3H
  00B2          +1    23     INT0    BIT     0B2H
  00B1          +1    24     TXD     BIT     0B1H
  00B0          +1    25     RXD     BIT     0B0H
                +1    26     
  00C0          +1    27     P4      DATA    0C0H
                +1    28     
  00D0          +1    29     PSW     DATA    0D0H
  00D7          +1    30     CY      BIT     0D7H
  00D6          +1    31     AC      BIT     0D6H
  00D5          +1    32     F0      BIT     0D5H
  00D4          +1    33     RS1     BIT     0D4H
  00D3          +1    34     RS0     BIT     0D3H
  00D2          +1    35     OV      BIT     0D2H
  00D0          +1    36     P       BIT     0D0H
                +1    37     
  00E0          +1    38     ACC     DATA    0E0H
  00F0          +1    39     B       DATA    0F0H
  0081          +1    40     SP      DATA    81H
  0082          +1    41     DPL     DATA    82H
  0083          +1    42     DPH     DATA    83H
  0087          +1    43     PCON    DATA    87H
  008F          +1    44     CKCON   DATA    8FH
                +1    45     
                +1    46     ;------------------ TIMERS registers ---------------------
  0088          +1    47     TCON    DATA    88H
  008F          +1    48     TF1     BIT     8FH
  008E          +1    49     TR1     BIT     8EH
  008D          +1    50     TF0     BIT     8DH
  008C          +1    51     TR0     BIT     8CH
  008B          +1    52     IE1     BIT     8BH
  008A          +1    53     IT1     BIT     8AH
  0089          +1    54     IE0     BIT     89H
  0088          +1    55     IT0     BIT     88H
                +1    56             
  0089          +1    57     TMOD    DATA    89H
A51 MACRO ASSEMBLER  MAIN                                                                 05/11/2016 18:03:33 PAGE     2

                +1    58     
  00C8          +1    59     T2CON   DATA    0C8H
  00CF          +1    60     TF2     BIT     0CFH
  00CE          +1    61     EXF2    BIT     0CEH
  00CD          +1    62     RCLK    BIT     0CDH
  00CC          +1    63     TCLK    BIT     0CCH
  00CB          +1    64     EXEN2   BIT     0CBH
  00CA          +1    65     TR2     BIT     0CAH
  00C9          +1    66     C_T2    BIT     0C9H
  00C8          +1    67     CP_RL2  BIT     0C8H
                +1    68             
  00C9          +1    69     T2MOD   DATA    0C9H    
  008A          +1    70     TL0     DATA    8AH
  008B          +1    71     TL1     DATA    8BH
  00CC          +1    72     TL2     DATA    0CCH
  008C          +1    73     TH0     DATA    8CH
  008D          +1    74     TH1     DATA    8DH
  00CD          +1    75     TH2     DATA    0CDH    
  00CA          +1    76     RCAP2L  DATA    0CAH    
  00CB          +1    77     RCAP2H  DATA    0CBH    
  00A6          +1    78     WDTRST  DATA    0A6H    
  00A7          +1    79     WDTPRG  DATA    0A7H    
                +1    80     
                +1    81     
                +1    82     ;------------------- UART registers ------------------------
  0098          +1    83     SCON    DATA    98H
  009F          +1    84     SM0     BIT     9FH
  009F          +1    85     FE      BIT     9FH
  009E          +1    86     SM1     BIT     9EH
  009D          +1    87     SM2     BIT     9DH
  009C          +1    88     REN     BIT     9CH
  009B          +1    89     TB8     BIT     9BH
  009A          +1    90     RB8     BIT     9AH
  0099          +1    91     TI      BIT     99H
  0098          +1    92     RI      BIT     98H
                +1    93     
  0099          +1    94     SBUF    DATA    99H
  00B9          +1    95     SADEN   DATA    0B9H
  00A9          +1    96     SADDR   DATA    0A9H    
                +1    97     
                +1    98     ;-------------------- ADC registers ----------------------
  00F2          +1    99     ADCLK   DATA    0F2H    
  00F3          +1   100     ADCON   DATA    0F3H    
  00F4          +1   101     ADDL    DATA    0F4H    
  00F5          +1   102     ADDH    DATA    0F5H    
  00F6          +1   103     ADCF    DATA    0F6H    
                +1   104     
                +1   105     ;-------------------- FLASH EEPROM registers ------------
  00F1          +1   106     FPGACON  DATA   0F1H    
  00D1          +1   107     FCON    DATA    0D1H    
  00D2          +1   108     EECON   DATA    0D2H    
  008E          +1   109     AUXR    DATA    8EH
  00A2          +1   110     AUXR1   DATA    0A2H
                +1   111     
                +1   112     ;-------------------- IT registers -----------------------
  00F8          +1   113     IPL1    DATA    0F8H    
  00F7          +1   114     IPH1    DATA    0F7H    
  00A8          +1   115     IEN0    DATA    0A8H    
  00B8          +1   116     IPL0    DATA    0B8H    
  00B7          +1   117     IPH0    DATA    0B7H    
  00E8          +1   118     IEN1    DATA    0E8H    
                +1   119     
                +1   120     ;  IEN0  
  00AF          +1   121     EA      BIT     0AFH
  00AE          +1   122     EC      BIT     0AEH
  00AD          +1   123     ET2     BIT     0ADH
A51 MACRO ASSEMBLER  MAIN                                                                 05/11/2016 18:03:33 PAGE     3

  00AC          +1   124     ES      BIT     0ACH
  00AB          +1   125     ET1     BIT     0ABH
  00AA          +1   126     EX1     BIT     0AAH
  00A9          +1   127     ET0     BIT     0A9H
  00A8          +1   128     EX0     BIT     0A8H
                +1   129     
                +1   130     ;  IEN1 
  00EA          +1   131     ETIM    BIT     0EAH
  00E9          +1   132     EADC    BIT     0E9H
  00E8          +1   133     ECAN    BIT     0E8H
                +1   134     
                +1   135     ;--------------------- PCA registers --------------------
  00D8          +1   136     CCON    DATA    0D8H    
  00DF          +1   137     CF              BIT             0DFH
  00DE          +1   138     CR              BIT             0DEH
  00D4          +1   139     CCF4    BIT             0D4H
  00D3          +1   140     CCF3    BIT             0D3H
  00D2          +1   141     CCF2    BIT             0D2H
  00D1          +1   142     CCF1    BIT             0D1H
  00D0          +1   143     CCF0    BIT             0D0H
                +1   144     
  00D9          +1   145     CMOD    DATA    0D9H    
  00F9          +1   146     CH      DATA    0F9H    
  00E9          +1   147     CL      DATA    0E9H    
  00FA          +1   148     CCAP0H  DATA    0FAH    
  00EA          +1   149     CCAP0L  DATA    0EAH    
  00DA          +1   150     CCAPM0  DATA    0DAH    
  00FB          +1   151     CCAP1H  DATA    0FBH    
  00EB          +1   152     CCAP1L  DATA    0EBH    
  00DB          +1   153     CCAPM1  DATA    0DBH    
  00FC          +1   154     CCAP2H  DATA    0FCH    
  00EC          +1   155     CCAP2L  DATA    0ECH    
  00DC          +1   156     CCAPM2  DATA    0DCH    
  00FD          +1   157     CCAP3H  DATA    0FDH    
  00ED          +1   158     CCAP3L  DATA    0EDH    
  00DD          +1   159     CCAPM3  DATA    0DDH    
  00FE          +1   160     CCAP4H  DATA    0FEH    
  00EE          +1   161     CCAP4L  DATA    0EEH    
  00DE          +1   162     CCAPM4  DATA    0DEH    
                +1   163     
                +1   164     ;------------------- CAN registers --------------------------
  009B          +1   165     CANGIT          DATA    09BH
  009C          +1   166     CANTEC          DATA    09CH
  009D          +1   167     CANREC          DATA    09DH
  00A1          +1   168     CANTCON         DATA    0A1H    
  00A3          +1   169     CANMSG          DATA    0A3H    
  00A4          +1   170     CANTTCL         DATA    0A4H    
  00A5          +1   171     CANTTCH         DATA    0A5H    
  00AA          +1   172     CANGSTA         DATA    0AAH
  00AB          +1   173     CANGCON         DATA    0ABH
  00AC          +1   174     CANTIML         DATA    0ACH    
  00AD          +1   175     CANTIMH         DATA    0ADH    
  00AE          +1   176     CANSTMPL        DATA    0AEH    
  00AF          +1   177     CANSTMPH        DATA    0AFH
  00B1          +1   178     CANPAGE         DATA    0B1H
  00B2          +1   179     CANSTCH         DATA    0B2H    
  00B3          +1   180     CANCONCH        DATA    0B3H    
  00B4          +1   181     CANBT1          DATA    0B4H
  00B5          +1   182     CANBT2          DATA    0B5H
  00B6          +1   183     CANBT3          DATA    0B6H
  00BA          +1   184     CANSIT1         DATA    0BAH
  00BB          +1   185     CANSIT2         DATA    0BBH    
  00BC          +1   186     CANIDT1         DATA    0BCH
  00BD          +1   187     CANIDT2         DATA    0BDH    
  00BE          +1   188     CANIDT3         DATA    0BEH    
  00BF          +1   189     CANIDT4         DATA    0BFH    
A51 MACRO ASSEMBLER  MAIN                                                                 05/11/2016 18:03:33 PAGE     4

  00C1          +1   190     CANGIE          DATA    0C1H
  00C2          +1   191     CANIE1          DATA    0C2H    
  00C3          +1   192     CANIE2          DATA    0C3H
  00C4          +1   193     CANIDM1         DATA    0C4H
  00C5          +1   194     CANIDM2         DATA    0C5H
  00C6          +1   195     CANIDM3         DATA    0C6H
  00C7          +1   196     CANIDM4         DATA    0C7H
  00CE          +1   197     CANEN1          DATA    0CEH
  00CF          +1   198     CANEN2          DATA    0CFH
                +1   199     
                +1   200     
                     201     
                     202     
                     203     ;Boot code
0000                 204     ORG 0000h
0000 02000E          205     LJMP init
                     206     
                     207     ;Interrupt address vectors
                     208     
000B                 209     ORG 000Bh
000B 02002A          210     LJMP timer0int
                     211     
                     212     
000E                 213     init :
                     214     
  00C0               215             SHIFT EQU P4.0
  00C1               216             DATA_BITS  EQU P4.1
  00B2               217             STORE EQU P3.2
                     218             
                     219             ; TIMER  AND REGISTER P0 INITIALIZATION
000E 758901          220             MOV TMOD,#00000001h
0011 758CFB          221             MOV TH0,#0FBh  ; 440Hz
0014 758A8F          222             MOV TL0,#08Fh
0017 D2A9            223             SETB ET0
0019 D2AF            224             SETB EA
001B D28C            225             SETB TR0
001D C2C0            226             CLR SHIFT ; shift
001F C2C1            227             CLR DATA_BITS ; data
0021 C2B2            228             CLR STORE ; store
0023 7E00            229             MOV R6, #0
0025 7400            230             MOV A,  #0
                     231     
                     232     
                     233     ;Main program
                     234     
0027 020027          235     main:                                   LJMP    main
                     236     
002A C2C1            237     timer0int:                              CLR DATA_BITS
002C C2C0            238                                                     CLR SHIFT
002E C2B2            239                                                     CLR STORE
0030 C2A3            240                                                     CLR P2.3
0032 90007C          241                                                     MOV DPTR, #Key0
0035 D2D4            242                                                     SETB RS1 ; change register bank
0037 7C08            243                                                     MOV R4, #8 ; repeat pattern 8 times
                     244     ;;;;;;;;;;;;;;;;;;;;;; number of repeated pattern
0039 EE              245     loop4:                                  MOV A, R6 ; R6 is an index for the used row
003A B40704          246                                                     CJNE A,#7, column_disp ; reset row index wh
                             en complete
003D 7400            247     reset:                                  MOV A, #0
003F 7E00            248                                                     MOV R6, #0
                     249                                                     
0041 93              250     column_disp:                    MOVC A, @A+DPTR
0042 7B05            251                                                     MOV R3, #5
                     252     ;;;;;;;;;;;;;;;;;;;;;;;;;each column bit (one by one)
0044 13              253     loop3:                                  RRC A ;right shift
0045 92C1            254                                                     MOV DATA_BITS,C ;carry of the right shift i
A51 MACRO ASSEMBLER  MAIN                                                                 05/11/2016 18:03:33 PAGE     5

                             n data output for display
0047 C2C0            255                                                     CLR SHIFT ;shift register
0049 D2C0            256                                                     SETB SHIFT
004B DBF7            257                                                     DJNZ R3, loop3
                     258                                                     
004D DCEA            259                                                     DJNZ R4, loop4
                     260     ;;;;;;;;;;;;;;;;;;;;;;;;;;;;;;lines
004F 900075          261                                                     MOV DPTR, #lines
0052 EE              262                                                     MOV A, R6
0053 93              263                                                     MOVC A, @A+DPTR
                     264                                                     
0054 7A08            265                                                     MOV R2, #8
0056 13              266     loop2:                                  RRC A
0057 92C1            267                                                     MOV DATA_BITS,C ;carry of the right shift i
                             n data output for display
0059 C2C0            268                                                     CLR SHIFT ;shift register
005B D2C0            269                                                     SETB SHIFT
005D DAF7            270                                                     DJNZ R2,loop2
                     271                                                     
005F C2B2            272                                                     CLR STORE 
0061 D2B2            273                                                     SETB STORE ; store
0063 C2B2            274                                                     CLR STORE
                     275                                                     
0065 0E              276                                                     INC R6
0066 C2D4            277                                                     CLR RS1
0068 02006B          278                                                     LJMP RESET_TIMER        
                     279                                                     ; TIMER RESETTING
006B 758CFB          280     RESET_TIMER:                    MOV TH0,#0FBh
006E 758A8F          281                                                     MOV TL0,#08Fh
0071 020074          282                                                     LJMP endint
                     283     
0074 32              284     endint:                                 RETI
                     285     
                     286                                                     
                     287                                                     
                     288     
                     289     ;Functions
                     290     
                     291     ;Code Memory Data
                     292     
0075 7F              293     lines:          DB      01111111b ; pattern to easily follow lines
0076 BF              294                             DB      10111111b
0077 DF              295                             DB      11011111b
0078 EF              296                             DB      11101111b
0079 F7              297                             DB      11110111b
007A FB              298                             DB      11111011b
007B FD              299                             DB      11111101b
                     300     
007C 10              301     Key0:           DB 10000b
007D 16              302                             DB 10110b
007E 16              303                             DB 10110b
007F 16              304                             DB 10110b
0080 16              305                             DB 10110b
0081 16              306                             DB 10110b
0082 10              307                             DB 10000b
0083 00              308                             DB 00000b
                     309             
0084 1D              310     Key1:           DB 11101b
0085 19              311                             DB 11001b
0086 1D              312                             DB 11101b
0087 1D              313                             DB 11101b
0088 1D              314                             DB 11101b
0089 1D              315                             DB 11101b
008A 18              316                             DB 11000b
008B 00              317                             DB 00000b
                     318             
A51 MACRO ASSEMBLER  MAIN                                                                 05/11/2016 18:03:33 PAGE     6

008C 10              319     Key2:           DB 10000b
008D 1E              320                             DB 11110b
008E 1E              321                             DB 11110b
008F 10              322                             DB 10000b
0090 17              323                             DB 10111b
0091 17              324                             DB 10111b
0092 10              325                             DB 10000b
0093 00              326                             DB 00000b
                     327             
0094 10              328     Key3:           DB 10000b
0095 1E              329                             DB 11110b
0096 1E              330                             DB 11110b
0097 10              331                             DB 10000b
0098 1E              332                             DB 11110b
0099 1E              333                             DB 11110b
009A 10              334                             DB 10000b
009B 00              335                             DB 00000b
                     336             
009C 1D              337     Key4:           DB 11101b
009D 19              338                             DB 11001b
009E 15              339                             DB 10101b
009F 15              340                             DB 10101b
00A0 10              341                             DB 10000b
00A1 1D              342                             DB 11101b
00A2 1D              343                             DB 11101b
00A3 00              344                             DB 00000b
                     345             
00A4 10              346     Key5:           DB 10000b
00A5 17              347                             DB 10111b
00A6 17              348                             DB 10111b
00A7 10              349                             DB 10000b
00A8 1E              350                             DB 11110b
00A9 1E              351                             DB 11110b
00AA 10              352                             DB 10000b
00AB 00              353                             DB 00000b
                     354             
00AC 10              355     Key6:           DB 10000b
00AD 17              356                             DB 10111b
00AE 17              357                             DB 10111b
00AF 10              358                             DB 10000b
00B0 16              359                             DB 10110b
00B1 16              360                             DB 10110b
00B2 10              361                             DB 10000b
00B3 00              362                             DB 00000b
                     363             
00B4 10              364     Key7:           DB 10000b
00B5 1E              365                             DB 11110b
00B6 1E              366                             DB 11110b
00B7 18              367                             DB 11000b
00B8 1E              368                             DB 11110b
00B9 1E              369                             DB 11110b
00BA 1E              370                             DB 11110b
00BB 00              371                             DB 00000b
                     372             
00BC 10              373     Key8:           DB 10000b
00BD 16              374                             DB 10110b
00BE 16              375                             DB 10110b
00BF 10              376                             DB 10000b
00C0 16              377                             DB 10110b
00C1 16              378                             DB 10110b
00C2 10              379                             DB 10000b
00C3 00              380                             DB 00000b
                     381             
00C4 10              382     Key9:           DB 10000b
00C5 16              383                             DB 10110b
00C6 16              384                             DB 10110b
A51 MACRO ASSEMBLER  MAIN                                                                 05/11/2016 18:03:33 PAGE     7

00C7 10              385                             DB 10000b
00C8 1E              386                             DB 11110b
00C9 1E              387                             DB 11110b
00CA 10              388                             DB 10000b
00CB 00              389                             DB 00000b
                     390                             
00CC 1F              391     KeyVoid:        DB 11111b
00CD 1F              392                             DB 11111b
00CE 1F              393                             DB 11111b
00CF 1F              394                             DB 11111b
00D0 1F              395                             DB 11111b
00D1 1F              396                             DB 11111b
00D2 10              397                             DB 10000b
00D3 00              398                             DB 00000b
                     399                                             
                     400     end                                             
                                                                             
A51 MACRO ASSEMBLER  MAIN                                                                 05/11/2016 18:03:33 PAGE     8

SYMBOL TABLE LISTING
------ ----- -------


N A M E             T Y P E  V A L U E   ATTRIBUTES

AC . . . . . . . .  B ADDR   00D0H.6 A   
ACC. . . . . . . .  D ADDR   00E0H   A   
ADCF . . . . . . .  D ADDR   00F6H   A   
ADCLK. . . . . . .  D ADDR   00F2H   A   
ADCON. . . . . . .  D ADDR   00F3H   A   
ADDH . . . . . . .  D ADDR   00F5H   A   
ADDL . . . . . . .  D ADDR   00F4H   A   
AUXR . . . . . . .  D ADDR   008EH   A   
AUXR1. . . . . . .  D ADDR   00A2H   A   
B. . . . . . . . .  D ADDR   00F0H   A   
CANBT1 . . . . . .  D ADDR   00B4H   A   
CANBT2 . . . . . .  D ADDR   00B5H   A   
CANBT3 . . . . . .  D ADDR   00B6H   A   
CANCONCH . . . . .  D ADDR   00B3H   A   
CANEN1 . . . . . .  D ADDR   00CEH   A   
CANEN2 . . . . . .  D ADDR   00CFH   A   
CANGCON. . . . . .  D ADDR   00ABH   A   
CANGIE . . . . . .  D ADDR   00C1H   A   
CANGIT . . . . . .  D ADDR   009BH   A   
CANGSTA. . . . . .  D ADDR   00AAH   A   
CANIDM1. . . . . .  D ADDR   00C4H   A   
CANIDM2. . . . . .  D ADDR   00C5H   A   
CANIDM3. . . . . .  D ADDR   00C6H   A   
CANIDM4. . . . . .  D ADDR   00C7H   A   
CANIDT1. . . . . .  D ADDR   00BCH   A   
CANIDT2. . . . . .  D ADDR   00BDH   A   
CANIDT3. . . . . .  D ADDR   00BEH   A   
CANIDT4. . . . . .  D ADDR   00BFH   A   
CANIE1 . . . . . .  D ADDR   00C2H   A   
CANIE2 . . . . . .  D ADDR   00C3H   A   
CANMSG . . . . . .  D ADDR   00A3H   A   
CANPAGE. . . . . .  D ADDR   00B1H   A   
CANREC . . . . . .  D ADDR   009DH   A   
CANSIT1. . . . . .  D ADDR   00BAH   A   
CANSIT2. . . . . .  D ADDR   00BBH   A   
CANSTCH. . . . . .  D ADDR   00B2H   A   
CANSTMPH . . . . .  D ADDR   00AFH   A   
CANSTMPL . . . . .  D ADDR   00AEH   A   
CANTCON. . . . . .  D ADDR   00A1H   A   
CANTEC . . . . . .  D ADDR   009CH   A   
CANTIMH. . . . . .  D ADDR   00ADH   A   
CANTIML. . . . . .  D ADDR   00ACH   A   
CANTTCH. . . . . .  D ADDR   00A5H   A   
CANTTCL. . . . . .  D ADDR   00A4H   A   
CCAP0H . . . . . .  D ADDR   00FAH   A   
CCAP0L . . . . . .  D ADDR   00EAH   A   
CCAP1H . . . . . .  D ADDR   00FBH   A   
CCAP1L . . . . . .  D ADDR   00EBH   A   
CCAP2H . . . . . .  D ADDR   00FCH   A   
CCAP2L . . . . . .  D ADDR   00ECH   A   
CCAP3H . . . . . .  D ADDR   00FDH   A   
CCAP3L . . . . . .  D ADDR   00EDH   A   
CCAP4H . . . . . .  D ADDR   00FEH   A   
CCAP4L . . . . . .  D ADDR   00EEH   A   
CCAPM0 . . . . . .  D ADDR   00DAH   A   
CCAPM1 . . . . . .  D ADDR   00DBH   A   
CCAPM2 . . . . . .  D ADDR   00DCH   A   
CCAPM3 . . . . . .  D ADDR   00DDH   A   
CCAPM4 . . . . . .  D ADDR   00DEH   A   
CCF0 . . . . . . .  B ADDR   00D0H.0 A   
A51 MACRO ASSEMBLER  MAIN                                                                 05/11/2016 18:03:33 PAGE     9

CCF1 . . . . . . .  B ADDR   00D0H.1 A   
CCF2 . . . . . . .  B ADDR   00D0H.2 A   
CCF3 . . . . . . .  B ADDR   00D0H.3 A   
CCF4 . . . . . . .  B ADDR   00D0H.4 A   
CCON . . . . . . .  D ADDR   00D8H   A   
CF . . . . . . . .  B ADDR   00D8H.7 A   
CH . . . . . . . .  D ADDR   00F9H   A   
CKCON. . . . . . .  D ADDR   008FH   A   
CL . . . . . . . .  D ADDR   00E9H   A   
CMOD . . . . . . .  D ADDR   00D9H   A   
COLUMN_DISP. . . .  C ADDR   0041H   A   
CP_RL2 . . . . . .  B ADDR   00C8H.0 A   
CR . . . . . . . .  B ADDR   00D8H.6 A   
CY . . . . . . . .  B ADDR   00D0H.7 A   
C_T2 . . . . . . .  B ADDR   00C8H.1 A   
DATA_BITS. . . . .  B ADDR   00C0H.1 A   
DPH. . . . . . . .  D ADDR   0083H   A   
DPL. . . . . . . .  D ADDR   0082H   A   
EA . . . . . . . .  B ADDR   00A8H.7 A   
EADC . . . . . . .  B ADDR   00E8H.1 A   
EC . . . . . . . .  B ADDR   00A8H.6 A   
ECAN . . . . . . .  B ADDR   00E8H.0 A   
EECON. . . . . . .  D ADDR   00D2H   A   
ENDINT . . . . . .  C ADDR   0074H   A   
ES . . . . . . . .  B ADDR   00A8H.4 A   
ET0. . . . . . . .  B ADDR   00A8H.1 A   
ET1. . . . . . . .  B ADDR   00A8H.3 A   
ET2. . . . . . . .  B ADDR   00A8H.5 A   
ETIM . . . . . . .  B ADDR   00E8H.2 A   
EX0. . . . . . . .  B ADDR   00A8H.0 A   
EX1. . . . . . . .  B ADDR   00A8H.2 A   
EXEN2. . . . . . .  B ADDR   00C8H.3 A   
EXF2 . . . . . . .  B ADDR   00C8H.6 A   
F0 . . . . . . . .  B ADDR   00D0H.5 A   
FCON . . . . . . .  D ADDR   00D1H   A   
FE . . . . . . . .  B ADDR   0098H.7 A   
FPGACON. . . . . .  D ADDR   00F1H   A   
IE0. . . . . . . .  B ADDR   0088H.1 A   
IE1. . . . . . . .  B ADDR   0088H.3 A   
IEN0 . . . . . . .  D ADDR   00A8H   A   
IEN1 . . . . . . .  D ADDR   00E8H   A   
INIT . . . . . . .  C ADDR   000EH   A   
INT0 . . . . . . .  B ADDR   00B0H.2 A   
INT1 . . . . . . .  B ADDR   00B0H.3 A   
IPH0 . . . . . . .  D ADDR   00B7H   A   
IPH1 . . . . . . .  D ADDR   00F7H   A   
IPL0 . . . . . . .  D ADDR   00B8H   A   
IPL1 . . . . . . .  D ADDR   00F8H   A   
IT0. . . . . . . .  B ADDR   0088H.0 A   
IT1. . . . . . . .  B ADDR   0088H.2 A   
KEY0 . . . . . . .  C ADDR   007CH   A   
KEY1 . . . . . . .  C ADDR   0084H   A   
KEY2 . . . . . . .  C ADDR   008CH   A   
KEY3 . . . . . . .  C ADDR   0094H   A   
KEY4 . . . . . . .  C ADDR   009CH   A   
KEY5 . . . . . . .  C ADDR   00A4H   A   
KEY6 . . . . . . .  C ADDR   00ACH   A   
KEY7 . . . . . . .  C ADDR   00B4H   A   
KEY8 . . . . . . .  C ADDR   00BCH   A   
KEY9 . . . . . . .  C ADDR   00C4H   A   
KEYVOID. . . . . .  C ADDR   00CCH   A   
LINES. . . . . . .  C ADDR   0075H   A   
LOOP2. . . . . . .  C ADDR   0056H   A   
LOOP3. . . . . . .  C ADDR   0044H   A   
LOOP4. . . . . . .  C ADDR   0039H   A   
MAIN . . . . . . .  C ADDR   0027H   A   
A51 MACRO ASSEMBLER  MAIN                                                                 05/11/2016 18:03:33 PAGE    10

OV . . . . . . . .  B ADDR   00D0H.2 A   
P. . . . . . . . .  B ADDR   00D0H.0 A   
P0 . . . . . . . .  D ADDR   0080H   A   
P1 . . . . . . . .  D ADDR   0090H   A   
P2 . . . . . . . .  D ADDR   00A0H   A   
P3 . . . . . . . .  D ADDR   00B0H   A   
P4 . . . . . . . .  D ADDR   00C0H   A   
PCON . . . . . . .  D ADDR   0087H   A   
PSW. . . . . . . .  D ADDR   00D0H   A   
RB8. . . . . . . .  B ADDR   0098H.2 A   
RCAP2H . . . . . .  D ADDR   00CBH   A   
RCAP2L . . . . . .  D ADDR   00CAH   A   
RCLK . . . . . . .  B ADDR   00C8H.5 A   
RD . . . . . . . .  B ADDR   00B0H.7 A   
REN. . . . . . . .  B ADDR   0098H.4 A   
RESET. . . . . . .  C ADDR   003DH   A   
RESET_TIMER. . . .  C ADDR   006BH   A   
RI . . . . . . . .  B ADDR   0098H.0 A   
RS0. . . . . . . .  B ADDR   00D0H.3 A   
RS1. . . . . . . .  B ADDR   00D0H.4 A   
RXD. . . . . . . .  B ADDR   00B0H.0 A   
SADDR. . . . . . .  D ADDR   00A9H   A   
SADEN. . . . . . .  D ADDR   00B9H   A   
SBUF . . . . . . .  D ADDR   0099H   A   
SCON . . . . . . .  D ADDR   0098H   A   
SHIFT. . . . . . .  B ADDR   00C0H.0 A   
SM0. . . . . . . .  B ADDR   0098H.7 A   
SM1. . . . . . . .  B ADDR   0098H.6 A   
SM2. . . . . . . .  B ADDR   0098H.5 A   
SP . . . . . . . .  D ADDR   0081H   A   
STORE. . . . . . .  B ADDR   00B0H.2 A   
T0 . . . . . . . .  B ADDR   00B0H.4 A   
T1 . . . . . . . .  B ADDR   00B0H.5 A   
T2CON. . . . . . .  D ADDR   00C8H   A   
T2MOD. . . . . . .  D ADDR   00C9H   A   
TB8. . . . . . . .  B ADDR   0098H.3 A   
TCLK . . . . . . .  B ADDR   00C8H.4 A   
TCON . . . . . . .  D ADDR   0088H   A   
TF0. . . . . . . .  B ADDR   0088H.5 A   
TF1. . . . . . . .  B ADDR   0088H.7 A   
TF2. . . . . . . .  B ADDR   00C8H.7 A   
TH0. . . . . . . .  D ADDR   008CH   A   
TH1. . . . . . . .  D ADDR   008DH   A   
TH2. . . . . . . .  D ADDR   00CDH   A   
TI . . . . . . . .  B ADDR   0098H.1 A   
TIMER0INT. . . . .  C ADDR   002AH   A   
TL0. . . . . . . .  D ADDR   008AH   A   
TL1. . . . . . . .  D ADDR   008BH   A   
TL2. . . . . . . .  D ADDR   00CCH   A   
TMOD . . . . . . .  D ADDR   0089H   A   
TR0. . . . . . . .  B ADDR   0088H.4 A   
TR1. . . . . . . .  B ADDR   0088H.6 A   
TR2. . . . . . . .  B ADDR   00C8H.2 A   
TXD. . . . . . . .  B ADDR   00B0H.1 A   
WDTPRG . . . . . .  D ADDR   00A7H   A   
WDTRST . . . . . .  D ADDR   00A6H   A   
WR . . . . . . . .  B ADDR   00B0H.6 A   


REGISTER BANK(S) USED: 0 


ASSEMBLY COMPLETE.  0 WARNING(S), 0 ERROR(S)
